<?xml version="1.0" encoding="UTF-8"?>
<!-- Generated by org.testng.reporters.JUnitReportReporter -->
<testsuite skipped="1" hostname="hp-PC" name="test1" tests="3" failures="0" timestamp="2019-11-05T23:37:21 EST" time="1.035" errors="0">
  <testcase name="test1" time="1.033" classname="test1"/>
  <testcase name="myfunction1" time="0.002" classname="test1"/>
  <testcase name="nfunction2" classname="test1">
    <skipped/>
  </testcase> <!-- nfunction2 -->
</testsuite> <!-- test1 -->
